2025-05-31 22:01:06,909 [DEBUG] Using selector: EpollSelector
2025-05-31 22:01:08,123 [INFO] Запуск теста: test_create_employess[firefox] | Браузер: firefox | Файл: test_api.py
2025-05-31 22:01:10,354 [INFO] Статус код: 200
--- Logging error ---
Traceback (most recent call last):
  File "/usr/lib/python3.12/logging/__init__.py", line 1160, in emit
    msg = self.format(record)
          ^^^^^^^^^^^^^^^^^^^
  File "/usr/lib/python3.12/logging/__init__.py", line 999, in format
    return fmt.format(record)
           ^^^^^^^^^^^^^^^^^^
  File "/usr/lib/python3.12/logging/__init__.py", line 703, in format
    record.message = record.getMessage()
                     ^^^^^^^^^^^^^^^^^^^
  File "/usr/lib/python3.12/logging/__init__.py", line 392, in getMessage
    msg = msg % self.args
          ~~~~^~~~~~~~~~~
TypeError: not all arguments converted during string formatting
Call stack:
  File "/home/hama/Документы/PythonTests/playwright_project_2/playwright_project_2_env/bin/pytest", line 8, in <module>
    sys.exit(console_main())
  File "/home/hama/Документы/PythonTests/playwright_project_2/playwright_project_2_env/lib/python3.12/site-packages/_pytest/config/__init__.py", line 201, in console_main
    code = main()
  File "/home/hama/Документы/PythonTests/playwright_project_2/playwright_project_2_env/lib/python3.12/site-packages/_pytest/config/__init__.py", line 175, in main
    ret: ExitCode | int = config.hook.pytest_cmdline_main(config=config)
  File "/home/hama/Документы/PythonTests/playwright_project_2/playwright_project_2_env/lib/python3.12/site-packages/pluggy/_hooks.py", line 513, in __call__
    return self._hookexec(self.name, self._hookimpls.copy(), kwargs, firstresult)
  File "/home/hama/Документы/PythonTests/playwright_project_2/playwright_project_2_env/lib/python3.12/site-packages/pluggy/_manager.py", line 120, in _hookexec
    return self._inner_hookexec(hook_name, methods, kwargs, firstresult)
  File "/home/hama/Документы/PythonTests/playwright_project_2/playwright_project_2_env/lib/python3.12/site-packages/pluggy/_callers.py", line 103, in _multicall
    res = hook_impl.function(*args)
  File "/home/hama/Документы/PythonTests/playwright_project_2/playwright_project_2_env/lib/python3.12/site-packages/_pytest/main.py", line 330, in pytest_cmdline_main
    return wrap_session(config, _main)
  File "/home/hama/Документы/PythonTests/playwright_project_2/playwright_project_2_env/lib/python3.12/site-packages/_pytest/main.py", line 283, in wrap_session
    session.exitstatus = doit(config, session) or 0
  File "/home/hama/Документы/PythonTests/playwright_project_2/playwright_project_2_env/lib/python3.12/site-packages/_pytest/main.py", line 337, in _main
    config.hook.pytest_runtestloop(session=session)
  File "/home/hama/Документы/PythonTests/playwright_project_2/playwright_project_2_env/lib/python3.12/site-packages/pluggy/_hooks.py", line 513, in __call__
    return self._hookexec(self.name, self._hookimpls.copy(), kwargs, firstresult)
  File "/home/hama/Документы/PythonTests/playwright_project_2/playwright_project_2_env/lib/python3.12/site-packages/pluggy/_manager.py", line 120, in _hookexec
    return self._inner_hookexec(hook_name, methods, kwargs, firstresult)
  File "/home/hama/Документы/PythonTests/playwright_project_2/playwright_project_2_env/lib/python3.12/site-packages/pluggy/_callers.py", line 103, in _multicall
    res = hook_impl.function(*args)
  File "/home/hama/Документы/PythonTests/playwright_project_2/playwright_project_2_env/lib/python3.12/site-packages/_pytest/main.py", line 362, in pytest_runtestloop
    item.config.hook.pytest_runtest_protocol(item=item, nextitem=nextitem)
  File "/home/hama/Документы/PythonTests/playwright_project_2/playwright_project_2_env/lib/python3.12/site-packages/pluggy/_hooks.py", line 513, in __call__
    return self._hookexec(self.name, self._hookimpls.copy(), kwargs, firstresult)
  File "/home/hama/Документы/PythonTests/playwright_project_2/playwright_project_2_env/lib/python3.12/site-packages/pluggy/_manager.py", line 120, in _hookexec
    return self._inner_hookexec(hook_name, methods, kwargs, firstresult)
  File "/home/hama/Документы/PythonTests/playwright_project_2/playwright_project_2_env/lib/python3.12/site-packages/pluggy/_callers.py", line 103, in _multicall
    res = hook_impl.function(*args)
  File "/home/hama/Документы/PythonTests/playwright_project_2/playwright_project_2_env/lib/python3.12/site-packages/_pytest/runner.py", line 113, in pytest_runtest_protocol
    runtestprotocol(item, nextitem=nextitem)
  File "/home/hama/Документы/PythonTests/playwright_project_2/playwright_project_2_env/lib/python3.12/site-packages/_pytest/runner.py", line 132, in runtestprotocol
    reports.append(call_and_report(item, "call", log))
  File "/home/hama/Документы/PythonTests/playwright_project_2/playwright_project_2_env/lib/python3.12/site-packages/_pytest/runner.py", line 241, in call_and_report
    call = CallInfo.from_call(
  File "/home/hama/Документы/PythonTests/playwright_project_2/playwright_project_2_env/lib/python3.12/site-packages/_pytest/runner.py", line 341, in from_call
    result: TResult | None = func()
  File "/home/hama/Документы/PythonTests/playwright_project_2/playwright_project_2_env/lib/python3.12/site-packages/_pytest/runner.py", line 242, in <lambda>
    lambda: runtest_hook(item=item, **kwds), when=when, reraise=reraise
  File "/home/hama/Документы/PythonTests/playwright_project_2/playwright_project_2_env/lib/python3.12/site-packages/pluggy/_hooks.py", line 513, in __call__
    return self._hookexec(self.name, self._hookimpls.copy(), kwargs, firstresult)
  File "/home/hama/Документы/PythonTests/playwright_project_2/playwright_project_2_env/lib/python3.12/site-packages/pluggy/_manager.py", line 120, in _hookexec
    return self._inner_hookexec(hook_name, methods, kwargs, firstresult)
  File "/home/hama/Документы/PythonTests/playwright_project_2/playwright_project_2_env/lib/python3.12/site-packages/pluggy/_callers.py", line 103, in _multicall
    res = hook_impl.function(*args)
  File "/home/hama/Документы/PythonTests/playwright_project_2/playwright_project_2_env/lib/python3.12/site-packages/_pytest/runner.py", line 174, in pytest_runtest_call
    item.runtest()
  File "/home/hama/Документы/PythonTests/playwright_project_2/playwright_project_2_env/lib/python3.12/site-packages/_pytest/python.py", line 1627, in runtest
    self.ihook.pytest_pyfunc_call(pyfuncitem=self)
  File "/home/hama/Документы/PythonTests/playwright_project_2/playwright_project_2_env/lib/python3.12/site-packages/pluggy/_hooks.py", line 513, in __call__
    return self._hookexec(self.name, self._hookimpls.copy(), kwargs, firstresult)
  File "/home/hama/Документы/PythonTests/playwright_project_2/playwright_project_2_env/lib/python3.12/site-packages/pluggy/_manager.py", line 120, in _hookexec
    return self._inner_hookexec(hook_name, methods, kwargs, firstresult)
  File "/home/hama/Документы/PythonTests/playwright_project_2/playwright_project_2_env/lib/python3.12/site-packages/pluggy/_callers.py", line 103, in _multicall
    res = hook_impl.function(*args)
  File "/home/hama/Документы/PythonTests/playwright_project_2/playwright_project_2_env/lib/python3.12/site-packages/_pytest/python.py", line 159, in pytest_pyfunc_call
    result = testfunction(**testargs)
  File "/home/hama/Документы/PythonTests/playwright_project_2/tests/test_api.py", line 17, in test_create_employess
    dummy_page.createEmployee()
  File "/home/hama/Документы/PythonTests/playwright_project_2/pages/dummy_page.py", line 31, in createEmployee
    logging.info("Content-Type:", content_type)
Message: 'Content-Type:'
Arguments: ('application/json',)
--- Logging error ---
Traceback (most recent call last):
  File "/usr/lib/python3.12/logging/__init__.py", line 1160, in emit
    msg = self.format(record)
          ^^^^^^^^^^^^^^^^^^^
  File "/usr/lib/python3.12/logging/__init__.py", line 999, in format
    return fmt.format(record)
           ^^^^^^^^^^^^^^^^^^
  File "/usr/lib/python3.12/logging/__init__.py", line 703, in format
    record.message = record.getMessage()
                     ^^^^^^^^^^^^^^^^^^^
  File "/usr/lib/python3.12/logging/__init__.py", line 392, in getMessage
    msg = msg % self.args
          ~~~~^~~~~~~~~~~
TypeError: not all arguments converted during string formatting
Call stack:
  File "/home/hama/Документы/PythonTests/playwright_project_2/playwright_project_2_env/bin/pytest", line 8, in <module>
    sys.exit(console_main())
  File "/home/hama/Документы/PythonTests/playwright_project_2/playwright_project_2_env/lib/python3.12/site-packages/_pytest/config/__init__.py", line 201, in console_main
    code = main()
  File "/home/hama/Документы/PythonTests/playwright_project_2/playwright_project_2_env/lib/python3.12/site-packages/_pytest/config/__init__.py", line 175, in main
    ret: ExitCode | int = config.hook.pytest_cmdline_main(config=config)
  File "/home/hama/Документы/PythonTests/playwright_project_2/playwright_project_2_env/lib/python3.12/site-packages/pluggy/_hooks.py", line 513, in __call__
    return self._hookexec(self.name, self._hookimpls.copy(), kwargs, firstresult)
  File "/home/hama/Документы/PythonTests/playwright_project_2/playwright_project_2_env/lib/python3.12/site-packages/pluggy/_manager.py", line 120, in _hookexec
    return self._inner_hookexec(hook_name, methods, kwargs, firstresult)
  File "/home/hama/Документы/PythonTests/playwright_project_2/playwright_project_2_env/lib/python3.12/site-packages/pluggy/_callers.py", line 103, in _multicall
    res = hook_impl.function(*args)
  File "/home/hama/Документы/PythonTests/playwright_project_2/playwright_project_2_env/lib/python3.12/site-packages/_pytest/main.py", line 330, in pytest_cmdline_main
    return wrap_session(config, _main)
  File "/home/hama/Документы/PythonTests/playwright_project_2/playwright_project_2_env/lib/python3.12/site-packages/_pytest/main.py", line 283, in wrap_session
    session.exitstatus = doit(config, session) or 0
  File "/home/hama/Документы/PythonTests/playwright_project_2/playwright_project_2_env/lib/python3.12/site-packages/_pytest/main.py", line 337, in _main
    config.hook.pytest_runtestloop(session=session)
  File "/home/hama/Документы/PythonTests/playwright_project_2/playwright_project_2_env/lib/python3.12/site-packages/pluggy/_hooks.py", line 513, in __call__
    return self._hookexec(self.name, self._hookimpls.copy(), kwargs, firstresult)
  File "/home/hama/Документы/PythonTests/playwright_project_2/playwright_project_2_env/lib/python3.12/site-packages/pluggy/_manager.py", line 120, in _hookexec
    return self._inner_hookexec(hook_name, methods, kwargs, firstresult)
  File "/home/hama/Документы/PythonTests/playwright_project_2/playwright_project_2_env/lib/python3.12/site-packages/pluggy/_callers.py", line 103, in _multicall
    res = hook_impl.function(*args)
  File "/home/hama/Документы/PythonTests/playwright_project_2/playwright_project_2_env/lib/python3.12/site-packages/_pytest/main.py", line 362, in pytest_runtestloop
    item.config.hook.pytest_runtest_protocol(item=item, nextitem=nextitem)
  File "/home/hama/Документы/PythonTests/playwright_project_2/playwright_project_2_env/lib/python3.12/site-packages/pluggy/_hooks.py", line 513, in __call__
    return self._hookexec(self.name, self._hookimpls.copy(), kwargs, firstresult)
  File "/home/hama/Документы/PythonTests/playwright_project_2/playwright_project_2_env/lib/python3.12/site-packages/pluggy/_manager.py", line 120, in _hookexec
    return self._inner_hookexec(hook_name, methods, kwargs, firstresult)
  File "/home/hama/Документы/PythonTests/playwright_project_2/playwright_project_2_env/lib/python3.12/site-packages/pluggy/_callers.py", line 103, in _multicall
    res = hook_impl.function(*args)
  File "/home/hama/Документы/PythonTests/playwright_project_2/playwright_project_2_env/lib/python3.12/site-packages/_pytest/runner.py", line 113, in pytest_runtest_protocol
    runtestprotocol(item, nextitem=nextitem)
  File "/home/hama/Документы/PythonTests/playwright_project_2/playwright_project_2_env/lib/python3.12/site-packages/_pytest/runner.py", line 132, in runtestprotocol
    reports.append(call_and_report(item, "call", log))
  File "/home/hama/Документы/PythonTests/playwright_project_2/playwright_project_2_env/lib/python3.12/site-packages/_pytest/runner.py", line 241, in call_and_report
    call = CallInfo.from_call(
  File "/home/hama/Документы/PythonTests/playwright_project_2/playwright_project_2_env/lib/python3.12/site-packages/_pytest/runner.py", line 341, in from_call
    result: TResult | None = func()
  File "/home/hama/Документы/PythonTests/playwright_project_2/playwright_project_2_env/lib/python3.12/site-packages/_pytest/runner.py", line 242, in <lambda>
    lambda: runtest_hook(item=item, **kwds), when=when, reraise=reraise
  File "/home/hama/Документы/PythonTests/playwright_project_2/playwright_project_2_env/lib/python3.12/site-packages/pluggy/_hooks.py", line 513, in __call__
    return self._hookexec(self.name, self._hookimpls.copy(), kwargs, firstresult)
  File "/home/hama/Документы/PythonTests/playwright_project_2/playwright_project_2_env/lib/python3.12/site-packages/pluggy/_manager.py", line 120, in _hookexec
    return self._inner_hookexec(hook_name, methods, kwargs, firstresult)
  File "/home/hama/Документы/PythonTests/playwright_project_2/playwright_project_2_env/lib/python3.12/site-packages/pluggy/_callers.py", line 103, in _multicall
    res = hook_impl.function(*args)
  File "/home/hama/Документы/PythonTests/playwright_project_2/playwright_project_2_env/lib/python3.12/site-packages/_pytest/runner.py", line 174, in pytest_runtest_call
    item.runtest()
  File "/home/hama/Документы/PythonTests/playwright_project_2/playwright_project_2_env/lib/python3.12/site-packages/_pytest/python.py", line 1627, in runtest
    self.ihook.pytest_pyfunc_call(pyfuncitem=self)
  File "/home/hama/Документы/PythonTests/playwright_project_2/playwright_project_2_env/lib/python3.12/site-packages/pluggy/_hooks.py", line 513, in __call__
    return self._hookexec(self.name, self._hookimpls.copy(), kwargs, firstresult)
  File "/home/hama/Документы/PythonTests/playwright_project_2/playwright_project_2_env/lib/python3.12/site-packages/pluggy/_manager.py", line 120, in _hookexec
    return self._inner_hookexec(hook_name, methods, kwargs, firstresult)
  File "/home/hama/Документы/PythonTests/playwright_project_2/playwright_project_2_env/lib/python3.12/site-packages/pluggy/_callers.py", line 103, in _multicall
    res = hook_impl.function(*args)
  File "/home/hama/Документы/PythonTests/playwright_project_2/playwright_project_2_env/lib/python3.12/site-packages/_pytest/python.py", line 159, in pytest_pyfunc_call
    result = testfunction(**testargs)
  File "/home/hama/Документы/PythonTests/playwright_project_2/tests/test_api.py", line 17, in test_create_employess
    dummy_page.createEmployee()
  File "/home/hama/Документы/PythonTests/playwright_project_2/pages/dummy_page.py", line 31, in createEmployee
    logging.info("Content-Type:", content_type)
Message: 'Content-Type:'
Arguments: ('application/json',)
2025-05-31 22:01:10,526 [ERROR] Тест 'tests/test_api.py::test_create_employess[firefox]' завершился с ошибкой:
TypeError: not all arguments converted during string formatting
